# JRE version: Java(TM) SE Runtime Environment (8.0_191-b12) (build 1.8.0_191-b12)
# Java VM: Java HotSpot(TM) Client VM (25.191-b12 mixed mode windows-x86 )
Heap:
 def new generation   total 123008K, used 35200K [0x05600000, 0x0db70000, 0x100a0000)
  eden space 109376K,  32% used [0x05600000, 0x0785bd38, 0x0c0d0000)
  from space 13632K,   0% used [0x0c0d0000, 0x0c0d4560, 0x0ce20000)
  to   space 13632K,   0% used [0x0ce20000, 0x0ce20000, 0x0db70000)
 tenured generation   total 273176K, used 225186K [0x100a0000, 0x20b66000, 0x25600000)
   the space 273176K,  82% used [0x100a0000, 0x1dc88ac0, 0x1dc88c00, 0x20b66000)
 Metaspace       used 22020K, capacity 22610K, committed 22656K, reserved 22912K
GC Heap History (10 events):
Event: 518973.789 GC heap before
{Heap before GC invocations=122 (full 3):
 def new generation   total 123008K, used 109393K [0x05600000, 0x0db70000, 0x100a0000)
  eden space 109376K, 100% used [0x05600000, 0x0c0d0000, 0x0c0d0000)
  from space 13632K,   0% used [0x0ce20000, 0x0ce24540, 0x0db70000)
  to   space 13632K,   0% used [0x0c0d0000, 0x0c0d0000, 0x0ce20000)
 tenured generation   total 273176K, used 225186K [0x100a0000, 0x20b66000, 0x25600000)
   the space 273176K,  82% used [0x100a0000, 0x1dc889e0, 0x1dc88a00, 0x20b66000)
 Metaspace       used 22020K, capacity 22610K, committed 22656K, reserved 22912K
Event: 518973.790 GC heap after
Heap after GC invocations=123 (full 3):
 def new generation   total 123008K, used 17K [0x05600000, 0x0db70000, 0x100a0000)
  eden space 109376K,   0% used [0x05600000, 0x05600000, 0x0c0d0000)
  from space 13632K,   0% used [0x0c0d0000, 0x0c0d4590, 0x0ce20000)
  to   space 13632K,   0% used [0x0ce20000, 0x0ce20000, 0x0db70000)
 tenured generation   total 273176K, used 225186K [0x100a0000, 0x20b66000, 0x25600000)
   the space 273176K,  82% used [0x100a0000, 0x1dc889e0, 0x1dc88a00, 0x20b66000)
 Metaspace       used 22020K, capacity 22610K, committed 22656K, reserved 22912K
}
Event: 519973.176 GC heap before
{Heap before GC invocations=123 (full 3):
 def new generation   total 123008K, used 109393K [0x05600000, 0x0db70000, 0x100a0000)
  eden space 109376K, 100% used [0x05600000, 0x0c0d0000, 0x0c0d0000)
  from space 13632K,   0% used [0x0c0d0000, 0x0c0d4590, 0x0ce20000)
  to   space 13632K,   0% used [0x0ce20000, 0x0ce20000, 0x0db70000)
 tenured generation   total 273176K, used 225186K [0x100a0000, 0x20b66000, 0x25600000)
   the space 273176K,  82% used [0x100a0000, 0x1dc889e0, 0x1dc88a00, 0x20b66000)
 Metaspace       used 22020K, capacity 22610K, committed 22656K, reserved 22912K
Event: 519973.177 GC heap after
Heap after GC invocations=124 (full 3):
 def new generation   total 123008K, used 17K [0x05600000, 0x0db70000, 0x100a0000)
  eden space 109376K,   0% used [0x05600000, 0x05600000, 0x0c0d0000)
  from space 13632K,   0% used [0x0ce20000, 0x0ce24598, 0x0db70000)
  to   space 13632K,   0% used [0x0c0d0000, 0x0c0d0000, 0x0ce20000)
 tenured generation   total 273176K, used 225186K [0x100a0000, 0x20b66000, 0x25600000)
   the space 273176K,  82% used [0x100a0000, 0x1dc889e0, 0x1dc88a00, 0x20b66000)
 Metaspace       used 22020K, capacity 22610K, committed 22656K, reserved 22912K
}
Event: 520970.466 GC heap before
{Heap before GC invocations=124 (full 3):
 def new generation   total 123008K, used 109393K [0x05600000, 0x0db70000, 0x100a0000)
  eden space 109376K, 100% used [0x05600000, 0x0c0d0000, 0x0c0d0000)
  from space 13632K,   0% used [0x0ce20000, 0x0ce24598, 0x0db70000)
  to   space 13632K,   0% used [0x0c0d0000, 0x0c0d0000, 0x0ce20000)
 tenured generation   total 273176K, used 225186K [0x100a0000, 0x20b66000, 0x25600000)
   the space 273176K,  82% used [0x100a0000, 0x1dc889e0, 0x1dc88a00, 0x20b66000)
 Metaspace       used 22020K, capacity 22610K, committed 22656K, reserved 22912K
Event: 520970.467 GC heap after
Heap after GC invocations=125 (full 3):
 def new generation   total 123008K, used 25K [0x05600000, 0x0db70000, 0x100a0000)
  eden space 109376K,   0% used [0x05600000, 0x05600000, 0x0c0d0000)
  from space 13632K,   0% used [0x0c0d0000, 0x0c0d6498, 0x0ce20000)
  to   space 13632K,   0% used [0x0ce20000, 0x0ce20000, 0x0db70000)
 tenured generation   total 273176K, used 225186K [0x100a0000, 0x20b66000, 0x25600000)
   the space 273176K,  82% used [0x100a0000, 0x1dc889e0, 0x1dc88a00, 0x20b66000)
 Metaspace       used 22020K, capacity 22610K, committed 22656K, reserved 22912K
}
Event: 521966.214 GC heap before
{Heap before GC invocations=125 (full 3):
 def new generation   total 123008K, used 109401K [0x05600000, 0x0db70000, 0x100a0000)
  eden space 109376K, 100% used [0x05600000, 0x0c0d0000, 0x0c0d0000)
  from space 13632K,   0% used [0x0c0d0000, 0x0c0d6498, 0x0ce20000)
  to   space 13632K,   0% used [0x0ce20000, 0x0ce20000, 0x0db70000)
 tenured generation   total 273176K, used 225186K [0x100a0000, 0x20b66000, 0x25600000)
   the space 273176K,  82% used [0x100a0000, 0x1dc889e0, 0x1dc88a00, 0x20b66000)
 Metaspace       used 22020K, capacity 22610K, committed 22656K, reserved 22912K
Event: 521966.215 GC heap after
Heap after GC invocations=126 (full 3):
 def new generation   total 123008K, used 24K [0x05600000, 0x0db70000, 0x100a0000)
  eden space 109376K,   0% used [0x05600000, 0x05600000, 0x0c0d0000)
  from space 13632K,   0% used [0x0ce20000, 0x0ce26358, 0x0db70000)
  to   space 13632K,   0% used [0x0c0d0000, 0x0c0d0000, 0x0ce20000)
 tenured generation   total 273176K, used 225186K [0x100a0000, 0x20b66000, 0x25600000)
   the space 273176K,  82% used [0x100a0000, 0x1dc889e0, 0x1dc88a00, 0x20b66000)
 Metaspace       used 22020K, capacity 22610K, committed 22656K, reserved 22912K
}
Event: 522976.217 GC heap before
{Heap before GC invocations=126 (full 3):
 def new generation   total 123008K, used 109400K [0x05600000, 0x0db70000, 0x100a0000)
  eden space 109376K, 100% used [0x05600000, 0x0c0d0000, 0x0c0d0000)
  from space 13632K,   0% used [0x0ce20000, 0x0ce26358, 0x0db70000)
  to   space 13632K,   0% used [0x0c0d0000, 0x0c0d0000, 0x0ce20000)
 tenured generation   total 273176K, used 225186K [0x100a0000, 0x20b66000, 0x25600000)
   the space 273176K,  82% used [0x100a0000, 0x1dc889e0, 0x1dc88a00, 0x20b66000)
 Metaspace       used 22020K, capacity 22610K, committed 22656K, reserved 22912K
Event: 522976.218 GC heap after
Heap after GC invocations=127 (full 3):
 def new generation   total 123008K, used 17K [0x05600000, 0x0db70000, 0x100a0000)
  eden space 109376K,   0% used [0x05600000, 0x05600000, 0x0c0d0000)
  from space 13632K,   0% used [0x0c0d0000, 0x0c0d4560, 0x0ce20000)
  to   space 13632K,   0% used [0x0ce20000, 0x0ce20000, 0x0db70000)
 tenured generation   total 273176K, used 225186K [0x100a0000, 0x20b66000, 0x25600000)
   the space 273176K,  82% used [0x100a0000, 0x1dc88ac0, 0x1dc88c00, 0x20b66000)
 Metaspace       used 22020K, capacity 22610K, committed 22656K, reserved 22912K
}

